[Thu Dec  5 00:58:18 2013] [debug] Your secret passphrase needs to be changed!!!
[Thu Dec  5 00:58:18 2013] [debug] GET "/".
[Thu Dec  5 00:58:18 2013] [debug] Routing to controller "Kaiseki::Web::Controller::Root" and action "index".
[Thu Dec  5 00:58:18 2013] [debug] Rendering template "example/index.html.ep".
[Thu Dec  5 00:58:18 2013] [debug] Rendering template "layouts/default.html.ep".
[Thu Dec  5 00:58:18 2013] [debug] 200 OK (0.275686s, 3.627/s).
[Thu Dec  5 19:34:40 2013] [debug] Your secret passphrase needs to be changed!!!
[Thu Dec  5 19:34:40 2013] [debug] GET "/".
[Thu Dec  5 19:34:41 2013] [error] Can't locate param_senk.cgi in @INC (@INC contains: C:/Users/yasuaki2/perlStudy/mojoliciousTest/kaiseki/kaiseki_web/script/../lib C:/Perl64/site/lib C:/Perl64/lib .) at C:/Users/yasuaki2/perlStudy/mojoliciousTest/kaiseki/kaiseki_web/script/../lib/Kaiseki/Web/Controller/Root.pm line 5.
Compilation failed in require at (eval 252) line 1.

[Thu Dec  5 19:34:41 2013] [debug] Template "exception.development.html.ep" not found.
[Thu Dec  5 19:34:41 2013] [debug] Template "exception.html.ep" not found.
[Thu Dec  5 19:34:41 2013] [debug] Rendering inline template.
[Thu Dec  5 19:34:41 2013] [debug] Rendering inline template.
[Thu Dec  5 19:34:41 2013] [debug] 500 Internal Server Error (0.546287s, 1.831/s).
[Thu Dec  5 23:07:14 2013] [debug] Your secret passphrase needs to be changed!!!
[Thu Dec  5 23:07:14 2013] [debug] GET "/".
[Thu Dec  5 23:07:14 2013] [debug] Routing to controller "Kaiseki::Web::Controller::Root" and action "index".
[Thu Dec  5 23:07:14 2013] [debug] Rendering template "example/index.html.ep".
[Thu Dec  5 23:07:15 2013] [debug] Rendering template "layouts/default.html.ep".
[Thu Dec  5 23:07:15 2013] [debug] 200 OK (0.467194s, 2.140/s).
[Thu Dec  5 23:07:16 2013] [debug] GET "/".
[Thu Dec  5 23:07:16 2013] [debug] Routing to controller "Kaiseki::Web::Controller::Root" and action "index".
[Thu Dec  5 23:07:16 2013] [debug] Rendering cached template "example/index.html.ep".
[Thu Dec  5 23:07:16 2013] [debug] Rendering cached template "layouts/default.html.ep".
[Thu Dec  5 23:07:16 2013] [debug] 200 OK (0.029369s, 34.050/s).
[Thu Dec  5 23:07:17 2013] [debug] GET "/".
[Thu Dec  5 23:07:17 2013] [debug] Routing to controller "Kaiseki::Web::Controller::Root" and action "index".
[Thu Dec  5 23:07:17 2013] [debug] Rendering cached template "example/index.html.ep".
[Thu Dec  5 23:07:17 2013] [debug] Rendering cached template "layouts/default.html.ep".
[Thu Dec  5 23:07:17 2013] [debug] 200 OK (0.027897s, 35.846/s).
[Thu Dec  5 23:07:18 2013] [debug] GET "/".
[Thu Dec  5 23:07:18 2013] [debug] Routing to controller "Kaiseki::Web::Controller::Root" and action "index".
[Thu Dec  5 23:07:18 2013] [debug] Rendering cached template "example/index.html.ep".
[Thu Dec  5 23:07:18 2013] [debug] Rendering cached template "layouts/default.html.ep".
[Thu Dec  5 23:07:18 2013] [debug] 200 OK (0.029202s, 34.244/s).
[Thu Dec  5 23:07:25 2013] [debug] GET "/".
[Thu Dec  5 23:07:25 2013] [debug] Routing to controller "Kaiseki::Web::Controller::Root" and action "index".
[Thu Dec  5 23:07:25 2013] [debug] Rendering cached template "example/index.html.ep".
[Thu Dec  5 23:07:25 2013] [debug] Rendering cached template "layouts/default.html.ep".
[Thu Dec  5 23:07:25 2013] [debug] 200 OK (0.027247s, 36.701/s).
[Thu Dec  5 23:07:35 2013] [debug] GET "/".
[Thu Dec  5 23:07:35 2013] [debug] Routing to controller "Kaiseki::Web::Controller::Root" and action "index".
[Thu Dec  5 23:07:35 2013] [debug] Rendering cached template "example/index.html.ep".
[Thu Dec  5 23:07:35 2013] [debug] Rendering cached template "layouts/default.html.ep".
[Thu Dec  5 23:07:35 2013] [debug] 200 OK (0.070212s, 14.243/s).
[Thu Dec  5 23:08:10 2013] [debug] GET "/".
[Thu Dec  5 23:08:10 2013] [debug] Routing to controller "Kaiseki::Web::Controller::Root" and action "index".
[Thu Dec  5 23:08:10 2013] [error] not found "1_header.tsv" at C:/Users/yasuaki2/perlStudy/mojoliciousTest/kaiseki/kaiseki_web/script/../lib/Kaiseki/Model/Kaiseki.pm line 27.

[Thu Dec  5 23:08:10 2013] [debug] Template "exception.development.html.ep" not found.
[Thu Dec  5 23:08:10 2013] [debug] Template "exception.html.ep" not found.
[Thu Dec  5 23:08:10 2013] [debug] Rendering inline template.
[Thu Dec  5 23:08:11 2013] [debug] Rendering inline template.
[Thu Dec  5 23:08:11 2013] [debug] 500 Internal Server Error (0.060059s, 16.650/s).
[Thu Dec  5 23:11:53 2013] [debug] GET "/".
[Thu Dec  5 23:11:53 2013] [debug] Routing to controller "Kaiseki::Web::Controller::Root" and action "index".
[Thu Dec  5 23:11:53 2013] [error] not found "1_header.tsv" at C:/Users/yasuaki2/perlStudy/mojoliciousTest/kaiseki/kaiseki_web/script/../lib/Kaiseki/Model/Kaiseki.pm line 27.

[Thu Dec  5 23:11:53 2013] [debug] Template "exception.development.html.ep" not found.
[Thu Dec  5 23:11:53 2013] [debug] Template "exception.html.ep" not found.
[Thu Dec  5 23:11:53 2013] [debug] Rendering cached inline template.
[Thu Dec  5 23:11:53 2013] [debug] Rendering cached inline template.
[Thu Dec  5 23:11:53 2013] [debug] 500 Internal Server Error (0.057932s, 17.262/s).
[Thu Dec  5 23:12:00 2013] [debug] GET "/".
[Thu Dec  5 23:12:00 2013] [debug] Routing to controller "Kaiseki::Web::Controller::Root" and action "index".
[Thu Dec  5 23:12:00 2013] [debug] Rendering cached template "example/index.html.ep".
[Thu Dec  5 23:12:00 2013] [debug] Rendering cached template "layouts/default.html.ep".
[Thu Dec  5 23:12:00 2013] [debug] 200 OK (0.028173s, 35.495/s).
[Thu Dec  5 23:12:15 2013] [debug] GET "/".
[Thu Dec  5 23:12:15 2013] [debug] Routing to controller "Kaiseki::Web::Controller::Root" and action "index".
[Thu Dec  5 23:12:15 2013] [error] not found "1_header.tsv" at C:/Users/yasuaki2/perlStudy/mojoliciousTest/kaiseki/kaiseki_web/script/../lib/Kaiseki/Model/Kaiseki.pm line 27.

[Thu Dec  5 23:12:15 2013] [debug] Template "exception.development.html.ep" not found.
[Thu Dec  5 23:12:15 2013] [debug] Template "exception.html.ep" not found.
[Thu Dec  5 23:12:15 2013] [debug] Rendering cached inline template.
[Thu Dec  5 23:12:15 2013] [debug] Rendering cached inline template.
[Thu Dec  5 23:12:15 2013] [debug] 500 Internal Server Error (0.041677s, 23.994/s).
[Thu Dec  5 23:14:00 2013] [debug] Your secret passphrase needs to be changed!!!
[Thu Dec  5 23:14:01 2013] [debug] GET "/".
[Thu Dec  5 23:14:01 2013] [debug] Routing to controller "Kaiseki::Web::Controller::Root" and action "index".
[Thu Dec  5 23:14:01 2013] [debug] Rendering template "example/index.html.ep".
[Thu Dec  5 23:14:01 2013] [debug] Rendering template "layouts/default.html.ep".
[Thu Dec  5 23:14:01 2013] [debug] 200 OK (0.290227s, 3.446/s).
[Thu Dec  5 23:14:03 2013] [debug] GET "/".
[Thu Dec  5 23:14:03 2013] [debug] Routing to controller "Kaiseki::Web::Controller::Root" and action "index".
[Thu Dec  5 23:14:03 2013] [debug] Rendering cached template "example/index.html.ep".
[Thu Dec  5 23:14:03 2013] [debug] Rendering cached template "layouts/default.html.ep".
[Thu Dec  5 23:14:03 2013] [debug] 200 OK (0.002354s, 424.809/s).
[Thu Dec  5 23:14:05 2013] [debug] GET "/".
[Thu Dec  5 23:14:05 2013] [debug] Routing to controller "Kaiseki::Web::Controller::Root" and action "index".
[Thu Dec  5 23:14:05 2013] [debug] Rendering cached template "example/index.html.ep".
[Thu Dec  5 23:14:05 2013] [debug] Rendering cached template "layouts/default.html.ep".
[Thu Dec  5 23:14:05 2013] [debug] 200 OK (0.002322s, 430.663/s).
[Thu Dec  5 23:14:08 2013] [debug] GET "/".
[Thu Dec  5 23:14:08 2013] [debug] Routing to controller "Kaiseki::Web::Controller::Root" and action "index".
[Thu Dec  5 23:14:08 2013] [error] not found "1_header.tsv" at C:/Users/yasuaki2/perlStudy/mojoliciousTest/kaiseki/kaiseki_web/script/../lib/Kaiseki/Model/Kaiseki.pm line 27.

[Thu Dec  5 23:14:08 2013] [debug] Template "exception.development.html.ep" not found.
[Thu Dec  5 23:14:08 2013] [debug] Template "exception.html.ep" not found.
[Thu Dec  5 23:14:08 2013] [debug] Rendering inline template.
[Thu Dec  5 23:14:08 2013] [debug] Rendering inline template.
[Thu Dec  5 23:14:08 2013] [debug] 500 Internal Server Error (0.107509s, 9.302/s).
[Thu Dec  5 23:17:01 2013] [debug] GET "/".
[Thu Dec  5 23:17:01 2013] [debug] Routing to controller "Kaiseki::Web::Controller::Root" and action "index".
[Thu Dec  5 23:17:01 2013] [debug] Rendering cached template "example/index.html.ep".
[Thu Dec  5 23:17:01 2013] [debug] Rendering cached template "layouts/default.html.ep".
[Thu Dec  5 23:17:01 2013] [debug] 200 OK (0.002473s, 404.367/s).
[Thu Dec  5 23:17:05 2013] [debug] GET "/".
[Thu Dec  5 23:17:05 2013] [debug] Routing to controller "Kaiseki::Web::Controller::Root" and action "index".
[Thu Dec  5 23:17:05 2013] [error] not found "1_header.tsv" at C:/Users/yasuaki2/perlStudy/mojoliciousTest/kaiseki/kaiseki_web/script/../lib/Kaiseki/Model/Kaiseki.pm line 27.

[Thu Dec  5 23:17:05 2013] [debug] Template "exception.development.html.ep" not found.
[Thu Dec  5 23:17:05 2013] [debug] Template "exception.html.ep" not found.
[Thu Dec  5 23:17:05 2013] [debug] Rendering cached inline template.
[Thu Dec  5 23:17:05 2013] [debug] Rendering cached inline template.
[Thu Dec  5 23:17:05 2013] [debug] 500 Internal Server Error (0.040022s, 24.986/s).
[Fri Dec  6 00:48:34 2013] [debug] Your secret passphrase needs to be changed!!!
[Fri Dec  6 00:48:34 2013] [debug] GET "/".
[Fri Dec  6 00:48:34 2013] [debug] Routing to controller "Kaiseki::Web::Controller::Root" and action "index".
[Fri Dec  6 00:48:34 2013] [error] not found "79080027_header.tsv" at C:/Users/yasuaki2/perlStudy/mojoliciousTest/kaiseki/kaiseki_web/script/../lib/Kaiseki/Model/Kaiseki.pm line 27.

[Fri Dec  6 00:48:34 2013] [debug] Template "exception.development.html.ep" not found.
[Fri Dec  6 00:48:34 2013] [debug] Template "exception.html.ep" not found.
[Fri Dec  6 00:48:34 2013] [debug] Rendering inline template.
[Fri Dec  6 00:48:34 2013] [debug] Rendering inline template.
[Fri Dec  6 00:48:34 2013] [debug] 500 Internal Server Error (0.386410s, 2.588/s).
[Fri Dec  6 00:49:08 2013] [debug] Your secret passphrase needs to be changed!!!
[Fri Dec  6 00:49:08 2013] [debug] GET "/".
[Fri Dec  6 00:49:08 2013] [debug] Routing to controller "Kaiseki::Web::Controller::Root" and action "index".
[Fri Dec  6 00:49:08 2013] [error] can not open "79080027_header.tsv" : No such file or directory at C:/Users/yasuaki2/perlStudy/mojoliciousTest/kaiseki/kaiseki_web/script/../lib/Kaiseki/Model/Kaiseki.pm line 29.

[Fri Dec  6 00:49:08 2013] [debug] Template "exception.development.html.ep" not found.
[Fri Dec  6 00:49:08 2013] [debug] Template "exception.html.ep" not found.
[Fri Dec  6 00:49:08 2013] [debug] Rendering inline template.
[Fri Dec  6 00:49:08 2013] [debug] Rendering inline template.
[Fri Dec  6 00:49:08 2013] [debug] 500 Internal Server Error (0.379127s, 2.638/s).
